<?xml version="1.0" encoding="UTF-8"?>
<!-- Generated by org.testng.reporters.JUnitReportReporter -->
<testsuite hostname="LAPTOP-0M17UIVA" failures="0" tests="2" name="testng.basics.AnnotationsHierarchyExample" time="5.979" errors="0" timestamp="2025-09-09T08:29:53 IST" skipped="0">
  <testcase classname="testng.basics.AnnotationsHierarchyExample" name="annotation1" time="3.044"/>
  <testcase classname="testng.basics.AnnotationsHierarchyExample" name="annotation2" time="2.935"/>
</testsuite> <!-- testng.basics.AnnotationsHierarchyExample -->
